\BOOKMARK [0][-]{chapter*.2}{Lista de tabele}{}% 1
\BOOKMARK [0][-]{chapter*.3}{Lista de figuri}{}% 2
\BOOKMARK [0][-]{chapter.1}{Capitolul Introducere}{}% 3
\BOOKMARK [1][-]{section.1.1}{Introducere}{chapter.1}% 4
\BOOKMARK [1][-]{section.1.2}{Problema adresata}{chapter.1}% 5
\BOOKMARK [1][-]{section.1.3}{Motivatie}{chapter.1}% 6
\BOOKMARK [1][-]{section.1.4}{Descrierea studiului pe capitole}{chapter.1}% 7
\BOOKMARK [1][-]{section.1.5}{\316nvatarea si mediile 3D. Concepte relevante.}{chapter.1}% 8
\BOOKMARK [0][-]{chapter.2}{Capitolul Obiectivele cercetarii}{}% 9
\BOOKMARK [1][-]{section.2.1}{Introducere}{chapter.2}% 10
\BOOKMARK [1][-]{section.2.2}{Obiective}{chapter.2}% 11
\BOOKMARK [1][-]{section.2.3}{Argumente}{chapter.2}% 12
\BOOKMARK [1][-]{section.2.4}{Mini studiu empiric privind raportul aplicatiilor \040web - aplicatii clasice cu destinatie educativa}{chapter.2}% 13
\BOOKMARK [0][-]{chapter.3}{Capitolul Stadiul actual \356n domeniu}{}% 14
\BOOKMARK [1][-]{section.3.1}{Introducere}{chapter.3}% 15
\BOOKMARK [1][-]{section.3.2}{Abordari similare}{chapter.3}% 16
\BOOKMARK [1][-]{section.3.3}{Second Life}{chapter.3}% 17
\BOOKMARK [1][-]{section.3.4}{Uther Academy}{chapter.3}% 18
\BOOKMARK [1][-]{section.3.5}{iSocial}{chapter.3}% 19
\BOOKMARK [1][-]{section.3.6}{Tehnici/Tehnologii folosite}{chapter.3}% 20
\BOOKMARK [0][-]{chapter.4}{Capitolul Prezentarea contributiilor autorului}{}% 21
\BOOKMARK [1][-]{section.4.1}{Precizari asupra continutului si a modului de organizare}{chapter.4}% 22
\BOOKMARK [2][-]{subsection.4.1.1}{Dimensiune}{section.4.1}% 23
\BOOKMARK [0][-]{chapter.5}{Capitolul Rezultate teoretice si experimentale}{}% 24
\BOOKMARK [0][-]{chapter.6}{Capitolul Conluzii}{}% 25
\BOOKMARK [1][-]{section.6.1}{Continut}{chapter.6}% 26
\BOOKMARK [1][-]{section.6.2}{Detalii tehnice}{chapter.6}% 27
\BOOKMARK [2][-]{subsection.6.2.1}{Dimensiune}{section.6.2}% 28
\BOOKMARK [0][-]{appendix.A}{Anexa Diverse anexe}{}% 29
\BOOKMARK [0][-]{appendix.B}{Anexa Demonstratii matematice detaliate \(daca exista\)}{}% 30
\BOOKMARK [0][-]{appendix.C}{Anexa Pseudo-cod sau cod \(daca exista\)}{}% 31
\BOOKMARK [0][-]{appendix.D}{Anexa Articole publicate}{}% 32
