\BOOKMARK [0][-]{chapter*.2}{Lista de tabele}{}% 1
\BOOKMARK [0][-]{chapter*.3}{Lista de figuri}{}% 2
\BOOKMARK [0][-]{chapter.1}{Capitolul Introducere}{}% 3
\BOOKMARK [1][-]{section.1.1}{Introducere}{chapter.1}% 4
\BOOKMARK [1][-]{section.1.2}{Problema adresata}{chapter.1}% 5
\BOOKMARK [1][-]{section.1.3}{Motivatie}{chapter.1}% 6
\BOOKMARK [1][-]{section.1.4}{Descrierea studiului pe capitole}{chapter.1}% 7
\BOOKMARK [1][-]{section.1.5}{\316nvatarea si mediile 3D. Concepte relevante.}{chapter.1}% 8
\BOOKMARK [0][-]{chapter.2}{Capitolul Obiectivele cercetarii}{}% 9
\BOOKMARK [1][-]{section.2.1}{Introducere}{chapter.2}% 10
\BOOKMARK [1][-]{section.2.2}{Obiective}{chapter.2}% 11
\BOOKMARK [1][-]{section.2.3}{Argumente}{chapter.2}% 12
\BOOKMARK [1][-]{section.2.4}{Mini studiu empiric privind raportul aplicatiilor \040web - aplicatii clasice cu destinatie educativa}{chapter.2}% 13
\BOOKMARK [0][-]{chapter.3}{Capitolul Stadiul actual \356n domeniu}{}% 14
\BOOKMARK [1][-]{section.3.1}{Introducere}{chapter.3}% 15
\BOOKMARK [1][-]{section.3.2}{Abordari similare}{chapter.3}% 16
\BOOKMARK [1][-]{section.3.3}{Second Life}{chapter.3}% 17
\BOOKMARK [1][-]{section.3.4}{Uther Academy}{chapter.3}% 18
\BOOKMARK [1][-]{section.3.5}{iSocial}{chapter.3}% 19
\BOOKMARK [1][-]{section.3.6}{Tehnici/Tehnologii folosite}{chapter.3}% 20
\BOOKMARK [0][-]{chapter.4}{Capitolul Planul aplicatiei}{}% 21
\BOOKMARK [1][-]{section.4.1}{Introducere}{chapter.4}% 22
\BOOKMARK [1][-]{section.4.2}{Functiile sistemului}{chapter.4}% 23
\BOOKMARK [2][-]{subsection.4.2.1}{Minimul de functionalitate \040de cercetat si implementat}{section.4.2}% 24
\BOOKMARK [2][-]{subsection.4.2.2}{Functionalitate extinsa}{section.4.2}% 25
\BOOKMARK [1][-]{section.4.3}{Decizie privind design-ul sistemului}{chapter.4}% 26
\BOOKMARK [1][-]{section.4.4}{Test}{chapter.4}% 27
\BOOKMARK [1][-]{section.4.5}{Argumentarea deciziei \040pe baza rezultatelor testarii}{chapter.4}% 28
\BOOKMARK [0][-]{chapter.5}{Capitolul Rezultate teoretice si experimentale}{}% 29
\BOOKMARK [0][-]{chapter.6}{Capitolul Conluzii}{}% 30
\BOOKMARK [1][-]{section.6.1}{Continut}{chapter.6}% 31
\BOOKMARK [1][-]{section.6.2}{Detalii tehnice}{chapter.6}% 32
\BOOKMARK [2][-]{subsection.6.2.1}{Dimensiune}{section.6.2}% 33
\BOOKMARK [0][-]{chapter*.4}{Bibliografie}{}% 34
\BOOKMARK [1][-]{section.Alph0.1}{Script}{chapter*.4}% 35
\BOOKMARK [1][-]{section.Alph0.2}{Server de test}{chapter*.4}% 36
\BOOKMARK [0][-]{appendix.A}{Anexa Articole publicate}{}% 37
